Using pre-set license
Built from '2020.3/staging' branch; Version is '2020.3.25f1 (9b9180224418) revision 10195328'; Using compiler version '192528614'; Build Type 'Release'
OS: 'Windows 10  (10.0.19044) 64bit Core' Language: 'en' Physical Memory: 16230 MB
BatchMode: 1, IsHumanControllingUs: 0, StartBugReporterOnCrash: 0, Is64bit: 1, IsPro: 0

COMMAND LINE ARGUMENTS:
D:\Programs\2020.3.25f1\Editor\Unity.exe
-adb2
-batchMode
-noUpm
-name
AssetImportWorker0
-projectPath
D:/Peter/Match-3 Clone/Match-3 Clone
-logFile
Logs/AssetImportWorker0.log
-srvPort
55691
Successfully changed project path to: D:/Peter/Match-3 Clone/Match-3 Clone
D:/Peter/Match-3 Clone/Match-3 Clone
Using Asset Import Pipeline V2.
Refreshing native plugins compatible for Editor in 80.90 ms, found 3 plugins.
Preloading 0 native plugins for Editor in 0.00 ms.
Initialize engine version: 2020.3.25f1 (9b9180224418)
[Subsystems] Discovering subsystems at path D:/Programs/2020.3.25f1/Editor/Data/Resources/UnitySubsystems
[Subsystems] Discovering subsystems at path D:/Peter/Match-3 Clone/Match-3 Clone/Assets
GfxDevice: creating device client; threaded=0
Direct3D:
    Version:  Direct3D 11.0 [level 11.1]
    Renderer: NVIDIA GeForce GTX 1060 (ID=0x1c20)
    Vendor:   
    VRAM:     6052 MB
    Driver:   30.0.15.1123
Initialize mono
Mono path[0] = 'D:/Programs/2020.3.25f1/Editor/Data/Managed'
Mono path[1] = 'D:/Programs/2020.3.25f1/Editor/Data/MonoBleedingEdge/lib/mono/unityjit'
Mono config path = 'D:/Programs/2020.3.25f1/Editor/Data/MonoBleedingEdge/etc'
Using monoOptions --debugger-agent=transport=dt_socket,embedding=1,server=y,suspend=n,address=127.0.0.1:56136
Begin MonoManager ReloadAssembly
Registering precompiled unity dll's ...
Register platform support module: D:/Programs/2020.3.25f1/Editor/Data/PlaybackEngines/WindowsStandaloneSupport/UnityEditor.WindowsStandalone.Extensions.dll
Registered in 0.001162 seconds.
Native extension for WindowsStandalone target not found
Refreshing native plugins compatible for Editor in 80.41 ms, found 3 plugins.
Preloading 0 native plugins for Editor in 0.00 ms.
Mono: successfully reloaded assembly
- Completed reload, in  0.598 seconds
Domain Reload Profiling:
	ReloadAssembly (598ms)
		BeginReloadAssembly (67ms)
			ExecutionOrderSort (0ms)
			DisableScriptedObjects (0ms)
			BackupInstance (0ms)
			ReleaseScriptingObjects (0ms)
			CreateAndSetChildDomain (1ms)
		EndReloadAssembly (468ms)
			LoadAssemblies (66ms)
			RebuildTransferFunctionScriptingTraits (0ms)
			SetupTypeCache (141ms)
			ReleaseScriptCaches (0ms)
			RebuildScriptCaches (31ms)
			SetupLoadedEditorAssemblies (202ms)
				LogAssemblyErrors (0ms)
				InitializePlatformSupportModulesInManaged (5ms)
				SetLoadedEditorAssemblies (0ms)
				RefreshPlugins (80ms)
				BeforeProcessingInitializeOnLoad (12ms)
				ProcessInitializeOnLoadAttributes (79ms)
				ProcessInitializeOnLoadMethodAttributes (26ms)
				AfterProcessingInitializeOnLoad (0ms)
				EditorAssembliesLoaded (0ms)
			ExecutionOrderSort2 (0ms)
			AwakeInstancesAfterBackupRestoration (0ms)
Platform modules already initialized, skipping
Registering precompiled user dll's ...
Registered in 0.005213 seconds.
Begin MonoManager ReloadAssembly
Native extension for WindowsStandalone target not found
Refreshing native plugins compatible for Editor in 84.35 ms, found 3 plugins.
Preloading 0 native plugins for Editor in 0.00 ms.
Mono: successfully reloaded assembly
- Completed reload, in  1.196 seconds
Domain Reload Profiling:
	ReloadAssembly (1197ms)
		BeginReloadAssembly (151ms)
			ExecutionOrderSort (0ms)
			DisableScriptedObjects (4ms)
			BackupInstance (0ms)
			ReleaseScriptingObjects (0ms)
			CreateAndSetChildDomain (18ms)
		EndReloadAssembly (994ms)
			LoadAssemblies (116ms)
			RebuildTransferFunctionScriptingTraits (0ms)
			SetupTypeCache (320ms)
			ReleaseScriptCaches (1ms)
			RebuildScriptCaches (67ms)
			SetupLoadedEditorAssemblies (390ms)
				LogAssemblyErrors (0ms)
				InitializePlatformSupportModulesInManaged (3ms)
				SetLoadedEditorAssemblies (0ms)
				RefreshPlugins (84ms)
				BeforeProcessingInitializeOnLoad (91ms)
				ProcessInitializeOnLoadAttributes (192ms)
				ProcessInitializeOnLoadMethodAttributes (17ms)
				AfterProcessingInitializeOnLoad (3ms)
				EditorAssembliesLoaded (0ms)
			ExecutionOrderSort2 (0ms)
			AwakeInstancesAfterBackupRestoration (6ms)
Platform modules already initialized, skipping
========================================================================
Worker process is ready to serve import requests
Launched and connected shader compiler UnityShaderCompiler.exe after 0.09 seconds
Refreshing native plugins compatible for Editor in 0.80 ms, found 3 plugins.
Preloading 0 native plugins for Editor in 0.00 ms.
Unloading 3377 Unused Serialized files (Serialized files now loaded: 0)
System memory in use before: 218.6 MB.
System memory in use after: 218.8 MB.

Unloading 29 unused Assets to reduce memory usage. Loaded Objects now: 3815.
Total: 3.355300 ms (FindLiveObjects: 0.271300 ms CreateObjectMapping: 0.166700 ms MarkObjects: 2.840800 ms  DeleteObjects: 0.075800 ms)

AssetImportParameters requested are different than current active one (requested -> active):
  custom:framework-win-MediaFoundation: 216162199b28c13a410421893ffa2e32 -> 
  custom:video-decoder-ogg-theora: a1e56fd34408186e4bbccfd4996cb3dc -> 
  custom:container-muxer-webm: aa71ff27fc2769a1b78a27578f13a17b -> 
  custom:container-demuxer-webm: 4f35f7cbe854078d1ac9338744f61a02 -> 
  custom:container-demuxer-ogg: 62fdf1f143b41e24485cea50d1cbac27 -> 
  custom:video-encoder-webm-vp8: eb34c28f22e8b96e1ab97ce403110664 -> 
  custom:video-decoder-webm-vp8: 9c59270c3fd7afecdb556c50c9e8de78 -> 
  custom:audio-decoder-ogg-vorbis: bf7c407c2cedff20999df2af8eb42d56 -> 
  custom:audio-encoder-webm-vorbis: bf7c407c2cedff20999df2af8eb42d56 -> 
========================================================================
Received Import Request.
  path: Assets/Models/KayKit Character Animations 1/Models/fbx
  artifactKey: Guid(0c291b47f45ce41cfab7dfddcf02040a) Importer(815301076,1909f56bfc062723c751e8b465ee728b)
Start importing Assets/Models/KayKit Character Animations 1/Models/fbx using Guid(0c291b47f45ce41cfab7dfddcf02040a) Importer(815301076,1909f56bfc062723c751e8b465ee728b)  -> (artifact id: '6974f8ef4d4af6845002dd8daf473c3a') in 0.039940 seconds 
  Import took 0.044945 seconds .

========================================================================
Received Import Request.
  Time since last request: 0.000359 seconds.
  path: Assets/Models/KayKit Character Animations 1/Models
  artifactKey: Guid(6cd7b7e463c68486ea93dfa5ec9dfc70) Importer(815301076,1909f56bfc062723c751e8b465ee728b)
Start importing Assets/Models/KayKit Character Animations 1/Models using Guid(6cd7b7e463c68486ea93dfa5ec9dfc70) Importer(815301076,1909f56bfc062723c751e8b465ee728b)  -> (artifact id: 'e4398bfea75830ecf245b786aa403ae0') in 0.005890 seconds 
  Import took 0.010868 seconds .

========================================================================
Received Import Request.
  Time since last request: 7.535287 seconds.
  path: Assets/Models/KayKit Dungeon Pack 1/Models
  artifactKey: Guid(7c4e3334b42e3464183cf7e7389fc3b7) Importer(815301076,1909f56bfc062723c751e8b465ee728b)
Start importing Assets/Models/KayKit Dungeon Pack 1/Models using Guid(7c4e3334b42e3464183cf7e7389fc3b7) Importer(815301076,1909f56bfc062723c751e8b465ee728b)  -> (artifact id: 'b3da5f4ebe2ddc09208bfa441ddbd72f') in 0.024466 seconds 
  Import took 0.030218 seconds .

========================================================================
Received Import Request.
  Time since last request: 1.333257 seconds.
  path: Assets/Models/KayKit Dungeon Pack 1/Models/fbx
  artifactKey: Guid(6a40734c6f28e4237a7f360793ef5659) Importer(815301076,1909f56bfc062723c751e8b465ee728b)
Start importing Assets/Models/KayKit Dungeon Pack 1/Models/fbx using Guid(6a40734c6f28e4237a7f360793ef5659) Importer(815301076,1909f56bfc062723c751e8b465ee728b)  -> (artifact id: 'b735ebec1db7abc6b358097b0a18cc44') in 0.002787 seconds 
  Import took 0.008654 seconds .

========================================================================
Received Import Request.
  Time since last request: 9.390600 seconds.
  path: Assets/Models/KayKit Dungeon Pack 1/Models/fbx/floorDecoration_shatteredBricks.fbx
  artifactKey: Guid(81a4e8b2b0d52494c84e26e917823c3a) Importer(815301076,1909f56bfc062723c751e8b465ee728b)
Start importing Assets/Models/KayKit Dungeon Pack 1/Models/fbx/floorDecoration_shatteredBricks.fbx using Guid(81a4e8b2b0d52494c84e26e917823c3a) Importer(815301076,1909f56bfc062723c751e8b465ee728b)  -> (artifact id: 'a478db622b55370fbf62f061f676fceb') in 0.434499 seconds 
  Import took 0.440094 seconds .

========================================================================
Received Import Request.
  Time since last request: 12.129432 seconds.
  path: Assets/Models/KayKit Dungeon Pack 1/Models/fbx/shield_uncommon.fbx
  artifactKey: Guid(507a0d809c97e499b9429ec1dea1c36d) Importer(815301076,1909f56bfc062723c751e8b465ee728b)
Start importing Assets/Models/KayKit Dungeon Pack 1/Models/fbx/shield_uncommon.fbx using Guid(507a0d809c97e499b9429ec1dea1c36d) Importer(815301076,1909f56bfc062723c751e8b465ee728b)  -> (artifact id: 'eacfd1d97d22f5eab69c8f713599fd84') in 0.046084 seconds 
  Import took 0.051408 seconds .

========================================================================
Received Import Request.
  Time since last request: 1.347116 seconds.
  path: Assets/Models/KayKit Dungeon Pack 1/Models/fbx/shield_rare.fbx
  artifactKey: Guid(f655acf01117b4d2182e67e7b741f610) Importer(815301076,1909f56bfc062723c751e8b465ee728b)
Start importing Assets/Models/KayKit Dungeon Pack 1/Models/fbx/shield_rare.fbx using Guid(f655acf01117b4d2182e67e7b741f610) Importer(815301076,1909f56bfc062723c751e8b465ee728b)  -> (artifact id: 'bd89d6b01c5c6decbc8ab940c8c90898') in 0.052011 seconds 
  Import took 0.057121 seconds .

========================================================================
Received Import Request.
  Time since last request: 1.269006 seconds.
  path: Assets/Models/KayKit Dungeon Pack 1/Models/fbx/shield_common.fbx
  artifactKey: Guid(ebd1b31931d1e47dba51337c0fc090ba) Importer(815301076,1909f56bfc062723c751e8b465ee728b)
Start importing Assets/Models/KayKit Dungeon Pack 1/Models/fbx/shield_common.fbx using Guid(ebd1b31931d1e47dba51337c0fc090ba) Importer(815301076,1909f56bfc062723c751e8b465ee728b)  -> (artifact id: 'dd5d747707764c1ac21333ea26835e82') in 0.051603 seconds 
  Import took 0.056967 seconds .

========================================================================
Received Import Request.
  Time since last request: 7.878102 seconds.
  path: Assets/Models/KayKit Dungeon Pack 1/Models/fbx/scaffold_stairs.fbx
  artifactKey: Guid(d9c4a8777268b413588dea9b2ecba896) Importer(815301076,1909f56bfc062723c751e8b465ee728b)
Start importing Assets/Models/KayKit Dungeon Pack 1/Models/fbx/scaffold_stairs.fbx using Guid(d9c4a8777268b413588dea9b2ecba896) Importer(815301076,1909f56bfc062723c751e8b465ee728b)  -> (artifact id: '1c140da43e3b02d797b24491601bfe4c') in 0.039195 seconds 
  Import took 0.044508 seconds .

========================================================================
Received Import Request.
  Time since last request: 2.259505 seconds.
  path: Assets/Models/KayKit Dungeon Pack 1/Models/fbx/spellBook.fbx
  artifactKey: Guid(4c0a29c69832c4b468b9e4ea96fd8195) Importer(815301076,1909f56bfc062723c751e8b465ee728b)
Start importing Assets/Models/KayKit Dungeon Pack 1/Models/fbx/spellBook.fbx using Guid(4c0a29c69832c4b468b9e4ea96fd8195) Importer(815301076,1909f56bfc062723c751e8b465ee728b)  -> (artifact id: 'e5e17b34b8ac76527d37b34c93b90db8') in 0.058391 seconds 
  Import took 0.063988 seconds .

AssetImportWorkerClient::OnTransportError - code=2 error=End of file
